MPASM 5.87                        ZAKLAD.ASM   12-15-2022  9:48:39         PAGE  1


LOC  OBJECT CODE     LINE SOURCE TEXT
  VALUE

                      00001 ;blikani pomoci TMR2
                      00002     list        p=16F1508
                      00003     #include    "p16F1508.inc"
                      00001         LIST
                      00002 
                      00003 ;==========================================================================
                      00004 ; Build date : Jan 06 2020
                      00005 ;  MPASM PIC16F1508 processor include
                      00006 ; 
                      00007 ;  (c) Copyright 1999-2020 Microchip Technology, All rights reserved
                      00008 ;==========================================================================
                      00009 
                      01953         LIST
                      00004     
                      00005     #define     BT1     PORTA,4
                      00006     #define     BT2     PORTA,5
                      00007    
8007   09E4           00008     __CONFIG _CONFIG1, _FOSC_INTOSC & _WDTE_OFF & _PWRTE_OFF & _MCLRE_ON & _CP_OFF & _BOREN_OFF & _CLKOU
                            TEN_OFF & _IESO_OFF & _FCMEN_OFF
8008   3FFF           00009     __CONFIG _CONFIG2, _WRT_OFF & _STVREN_ON & _BORV_LO & _LPBOR_OFF & _LVP_ON
                      00010     
                      00011 
                      00012 ;VARIABLE DEFINITIONS
                      00013 ;COMMON RAM 0x70 to 0x7F
                      00014     CBLOCK      0x70
  00000070            00015         cnt1
  00000071            00016         cnt2
  00000072            00017         value1
  00000073            00018         value2
  00000074            00019         value3
  00000075            00020         dir
  00000076            00021         position                ;pozice displaye
  00000077            00022         counter                 ;aktualne zobrazovane cislo
  00000078            00023         num7S                   ;cislo pro zobrazeni, dalsi 3B budou displeje!
  00000079            00024         dispL                   ;levy 7seg
  0000007A            00025         dispM                   ;prostredni 7seg
  0000007B            00026         dispR                   ;pravy 7seg
                      00027     ENDC
                      00028     
                      00029 ;**********************************************************************
                      00030         ORG     0x00
0000   2???           00031         goto    Start
                      00032         
                      00033         ORG     0x04
0004   0027           00034         movlb   .7              ;Banka7 s IOC
Message[302]: Register in operand not in bank 0.  Ensure that bank bits are correct.
0005   1E13           00035         btfss   IOCAF,4         ;preruseni od BT1(RA4)?
0006   2???           00036         goto    BT2Int          ;je to tedy od BT2...
Message[302]: Register in operand not in bank 0.  Ensure that bank bits are correct.
0007   1213           00037         bcf     IOCAF,4         ;vynulovat priznak od BT1(RA4)
0008   0020           00038         movlb   .0              ;Banka0 s PORT
                      00039         
0009   0875           00040         movf    dir,W
MPASM 5.87                        ZAKLAD.ASM   12-15-2022  9:48:39         PAGE  2


LOC  OBJECT CODE     LINE SOURCE TEXT
  VALUE

000A   3A01           00041         xorlw   b'00000001'
000B   00F5           00042         movwf   dir
                      00043         
000C   0009           00044         retfie
                      00045 
Message[302]: Register in operand not in bank 0.  Ensure that bank bits are correct.
000D   1293           00046 BT2Int  bcf     IOCAF,5         ;vynulovat priznak od BT2(RA5)
                      00047         
000E   0AF7           00048         incf    counter,F
                      00049         
000F   300A           00050         movlw   0x0A
0010   0277           00051         subwf   counter,W
                      00052         
0011   1903           00053         btfsc   STATUS, 2
0012   01F7           00054         clrf    counter
                      00055         
0013   0009           00056         retfie  
                      00057         
0014   01F7           00058 Start   clrf    counter         ;vynulovani registru counter
0015   01F2           00059         clrf    value1          ;vynulovani registru counter
0016   01F3           00060         clrf    value2          ;vynulovani registru counter
0017   01F4           00061         clrf    value3          ;vynulovani registru counter
                      00062         
0018   3001           00063         movlw   0x01
0019   00F6           00064         movwf   position        ;nastavení pozice 1
                      00065         
001A   3000           00066         movlw   0x00
001B   00F5           00067         movwf   dir
                      00068         
001C   0021           00069         movlb   .1              ;Banka1
001D   3068           00070         movlw   b'01101000'     ;4MHz Medium
Message[302]: Register in operand not in bank 0.  Ensure that bank bits are correct.
001E   0099           00071         movwf   OSCCON          ;nastaveni hodin
                      00072 
001F   2???           00073         call    Config_IOs
0020   2???           00074         call    Config_SPI
                      00075         
                      00076         ;nastaveni preruseni
0021   0027           00077         movlb   .7              ;Banka7 s IOC
Message[302]: Register in operand not in bank 0.  Ensure that bank bits are correct.
0022   1611           00078         bsf     IOCAP,4         ;BT1(RA4) nastavena detekce pozitivni hrany
Message[302]: Register in operand not in bank 0.  Ensure that bank bits are correct.
0023   1692           00079         bsf     IOCAN,5         ;BT2(RA5) nastavena detekce negativni hrany
Message[302]: Register in operand not in bank 0.  Ensure that bank bits are correct.
0024   0193           00080         clrf    IOCAF           ;smazat priznak doted detekovanych hran
                      00081         
0025   158B           00082         bsf     INTCON,IOCIE    ;povolit preruseni od IOC
0026   178B           00083         bsf     INTCON,GIE      ;povolit preruseni jako takove
                      00084         
                      00085         ;config TMR2
0027   0020           00086         movlb   .0              ;Banka0 s TMR2
0028   307B           00087         movlw   b'01111011'     ;1:64 pre, 1:16 post
0029   009C           00088         movwf   T2CON
MPASM 5.87                        ZAKLAD.ASM   12-15-2022  9:48:39         PAGE  3


LOC  OBJECT CODE     LINE SOURCE TEXT
  VALUE

002A   019A           00089         clrf    TMR2            ;vynulovat citac
002B   30FF           00090         movlw   0xFF
002C   009B           00091         movwf   PR2             ;nastavit na max. hodnotu
002D   151C           00092         bsf     T2CON,TMR2ON    ;po nastaveni vseho zapnout TMR2
                      00093         
002E   0020           00094         movlb   .0              ;Banka0 s PORT
                      00095         
002F   30FC           00096         movlw   b'11111100'
0030   2???           00097         call    SendByte7S
                      00098         
0031   3000           00099         movlw   b'00000000'
0032   2???           00100         call    SendByte7S
                      00101         
0033   3000           00102         movlw   b'00000000'
0034   2???           00103         call    SendByte7S
                      00104         
                      00105         
0035   0877           00106 Loop    movf    counter,W       ;nacte nejvyssich 8 bit? vysledku
                      00107         
0036   00F8           00108         movwf   num7S           ;zapsani cisla pro zobrazeni
0037   2???           00109         call    Bin2Bcd         ;z num7S udela BCD cisla v dispL-dispM-dispR
                      00110         
0038   0879           00111         movf    dispL,W
0039   2???           00112         call    Byte2Seg        ;4bit. cislo ve W zmeni na segment pro zobrazeni
003A   00F9           00113         movwf   dispL
                      00114         
003B   087A           00115         movf    dispM,W
003C   2???           00116         call    Byte2Seg        ;4bit. cislo ve W zmeni na segment pro zobrazeni
003D   00FA           00117         movwf   dispM
                      00118         
003E   087B           00119         movf    dispR,W
003F   2???           00120         call    Byte2Seg        ;4bit. cislo ve W zmeni na segment pro zobrazeni
0040   00FB           00121         movwf   dispR
                      00122         
                      00123         ;1
0041   3000           00124         movlw   b'00000000'
0042   00F2           00125         movwf   value1
                      00126         
0043   0876           00127         movf    position,W
0044   3C01           00128         sublw   0x01
0045   1903           00129         btfsc   STATUS, 2
0046   2???           00130         call    Write1
                      00131         
                      00132         ;2
0047   3000           00133         movlw   b'00000000'
0048   00F3           00134         movwf   value2
                      00135         
0049   0876           00136         movf    position,W
004A   3C02           00137         sublw   0x02
004B   1903           00138         btfsc   STATUS, 2
004C   2???           00139         call    Write2
                      00140         
                      00141         ;3
MPASM 5.87                        ZAKLAD.ASM   12-15-2022  9:48:39         PAGE  4


LOC  OBJECT CODE     LINE SOURCE TEXT
  VALUE

004D   3000           00142         movlw   b'00000000'
004E   00F4           00143         movwf   value3
                      00144         
004F   0876           00145         movf    position,W
0050   3C03           00146         sublw   0x03
0051   1903           00147         btfsc   STATUS, 2
0052   2???           00148         call    Write3
                      00149         
0053   2???           00150         call    Out
                      00151 
                      00152         ;ceka se na priznak casovace
0054   1C91           00153         btfss   PIR1,TMR2IF     ;ceka az dobehne TMR2
0055   2???           00154         goto    $-1
0056   1091           00155         bcf     PIR1,TMR2IF     ;vynuluje jeho priznak
                      00156         
0057   0875           00157         movf    dir,W
0058   3C01           00158         sublw   0x01
0059   1903           00159         btfsc   STATUS, 2
005A   2???           00160         goto    Incr
005B   2???           00161         goto    Decr
                      00162         
005C   0876           00163 Finish  movf    position,W
005D   3C04           00164         sublw   0x04
005E   1903           00165         btfsc   STATUS, 2
005F   2???           00166         call    Set_1
                      00167         
0060   0876           00168         movf    position,W
0061   3C00           00169         sublw   0x00
0062   1903           00170         btfsc   STATUS, 2
0063   2???           00171         call    Set_4
                      00172         
0064   2???           00173         call    Out
                      00174         
0065   2???           00175         goto    Loop
                      00176 
0066   0AF6           00177 Incr    incf    position,F
0067   2???           00178         goto    Finish
                      00179         
0068   03F6           00180 Decr    decf    position,F
0069   2???           00181         goto    Finish
                      00182         
006A   0872           00183 Out     movf    value1, W
006B   2???           00184         call    SendByte7S
                      00185         
006C   0873           00186         movf    value2, W
006D   2???           00187         call    SendByte7S
                      00188         
006E   0874           00189         movf    value3, W
006F   2???           00190         call    SendByte7S
0070   0008           00191         return
                      00192         
0071   3001           00193 Set_1   movlw   0x01
0072   00F6           00194         movwf   position
MPASM 5.87                        ZAKLAD.ASM   12-15-2022  9:48:39         PAGE  5


LOC  OBJECT CODE     LINE SOURCE TEXT
  VALUE

0073   0008           00195         return
                      00196         
0074   3003           00197 Set_4   movlw   0x03
0075   00F6           00198         movwf   position
0076   0008           00199         return
                      00200         
0077   087B           00201 Write1  movf    dispR, W
0078   00F2           00202         movwf   value1
0079   0008           00203         return
                      00204         
007A   087B           00205 Write2  movf    dispR, W
007B   00F3           00206         movwf   value2
007C   0008           00207         return
                      00208         
007D   087B           00209 Write3  movf    dispR, W
007E   00F4           00210         movwf   value3
007F   0008           00211         return
                      00212         
                      00213     #include    "Config_IOs.inc"
0080                  00001 Config_IOs      ;config BT1 RA4, BT2 RA5, P1 RC2 (AN6), P2 RB4 (AN10) and LED1-3 RC5 RC3 RA2
0080   0022           00002         movlb   .2              ;Bank2
Message[302]: Register in operand not in bank 0.  Ensure that bank bits are correct.
0081   018C           00003         clrf    LATA
Message[302]: Register in operand not in bank 0.  Ensure that bank bits are correct.
0082   018D           00004         clrf    LATB
Message[302]: Register in operand not in bank 0.  Ensure that bank bits are correct.
0083   018E           00005         clrf    LATC
0084   0023           00006         movlb   .3              ;Bank3
0085   3000           00007         movlw   b'00000000'
Message[302]: Register in operand not in bank 0.  Ensure that bank bits are correct.
0086   008C           00008         movwf   ANSELA          ;digital IO
0087   3010           00009         movlw   b'00010000'
Message[302]: Register in operand not in bank 0.  Ensure that bank bits are correct.
0088   008D           00010         movwf   ANSELB          ;digital IO, except RB4
0089   3004           00011         movlw   b'00000100'
Message[302]: Register in operand not in bank 0.  Ensure that bank bits are correct.
008A   008E           00012         movwf   ANSELC          ;digital IO, except RC2
008B   0021           00013         movlb   .1              ;Bank1
008C   30FB           00014         movlw   b'11111011'
Message[302]: Register in operand not in bank 0.  Ensure that bank bits are correct.
008D   008C           00015         movwf   TRISA
008E   303F           00016         movlw   b'00111111'
Message[302]: Register in operand not in bank 0.  Ensure that bank bits are correct.
008F   008D           00017         movwf   TRISB
0090   3015           00018         movlw   b'00010101'
Message[302]: Register in operand not in bank 0.  Ensure that bank bits are correct.
0091   008E           00019         movwf   TRISC
0092   0008           00020         return
                      00021 
                      00022 
                      00023         
                      00024         
                      00025         
MPASM 5.87                        ZAKLAD.ASM   12-15-2022  9:48:39         PAGE  6


LOC  OBJECT CODE     LINE SOURCE TEXT
  VALUE

                      00026         
                      00027         
                      00214     
                      00215     #include    "Display.inc"
                      00001 ; Display.INC
                      00002 ; Podprogramy obsluhy displeje
                      00003 
                      00004 ;*******************************************************
                      00005 ; Signaly obsluhy displeje na EduKitBeta
                      00006 ; SPI rozhrani k posuvnym registrum budicim LED segmenty
                      00007 #define nCS     PORTC,6     ; signal chip-select obvodu 4094
                      00008 #define SDO     PORTC,7     ; signal data obvodu 4094
                      00009 #define SCK     PORTB,6     ; hodinovy signal obvodu 4094
                      00010 ;*******************************************************
                      00011 
                      00012 ; Registry nadefinovat v .asm, jmena a poradi nutno dodrzet: num7S, disp(L/M/R)
                      00013 
                      00014 ;***********************************************************
                      00015 ; Konfigurace SPI pro komunikaci se 7seg
0093                  00016 Config_SPI
0093   0024           00017         movlb   .4              ;Bank4
Message[302]: Register in operand not in bank 0.  Ensure that bank bits are correct.
0094   0194           00018         clrf    SSP1STAT
0095   3030           00019         movlw   b'00110000'     ;high idle state, Fosc/4, SPI ON
Message[302]: Register in operand not in bank 0.  Ensure that bank bits are correct.
0096   0095           00020         movwf   SSP1CON1
                      00021         
0097   0103           00022         clrw
0098   0020           00023         movlb   .0              ;Bank0
0099   130E           00024         bcf     nCS             ;!CS -> low
009A   0024           00025         movlb   .4              ;Bank4
Message[302]: Register in operand not in bank 0.  Ensure that bank bits are correct.
009B   0091           00026         movwf   SSP1BUF
Message[302]: Register in operand not in bank 0.  Ensure that bank bits are correct.
009C   1C14           00027         btfss   SSP1STAT,0      ;ceka do vyprazdneni bufferu
009D   2???           00028         goto    $-1
Message[302]: Register in operand not in bank 0.  Ensure that bank bits are correct.
009E   0811           00029         movf    SSP1BUF,W       ;prazdne cteni HLAVNE NEZAPISOVAT ZPATKY DO F!
009F   0103           00030         clrw
Message[302]: Register in operand not in bank 0.  Ensure that bank bits are correct.
00A0   0091           00031         movwf   SSP1BUF
Message[302]: Register in operand not in bank 0.  Ensure that bank bits are correct.
00A1   1C14           00032         btfss   SSP1STAT,0      ;ceka do vyprazdneni bufferu
00A2   2???           00033         goto    $-1
Message[302]: Register in operand not in bank 0.  Ensure that bank bits are correct.
00A3   0811           00034         movf    SSP1BUF,W       ;prazdne cteni HLAVNE NEZAPISOVAT ZPATKY DO F!
00A4   0103           00035         clrw
Message[302]: Register in operand not in bank 0.  Ensure that bank bits are correct.
00A5   0091           00036         movwf   SSP1BUF
Message[302]: Register in operand not in bank 0.  Ensure that bank bits are correct.
00A6   1C14           00037         btfss   SSP1STAT,0      ;ceka do vyprazdneni bufferu
00A7   2???           00038         goto    $-1
Message[302]: Register in operand not in bank 0.  Ensure that bank bits are correct.
MPASM 5.87                        ZAKLAD.ASM   12-15-2022  9:48:39         PAGE  7


LOC  OBJECT CODE     LINE SOURCE TEXT
  VALUE

00A8   0811           00039         movf    SSP1BUF,W       ;prazdne cteni HLAVNE NEZAPISOVAT ZPATKY DO F!
00A9   0103           00040         clrw
00AA   0020           00041         movlb   .0
00AB   170E           00042         bsf     nCS             ;!CS -> high
                      00043         
00AC   0008           00044         return  
                      00045 
                      00046         
                      00047 ;***********************************************************************
                      00048 ; Prevod binarniho cisla (16 bitu hval:lval) na BCD (4 digity hbcd:lbcd)
00AD                  00049 Bin2Bcd
00AD   01FB           00050         clrf    dispR
00AE   01FA           00051         clrf    dispM
00AF   01F9           00052         clrf    dispL
                      00053         
00B0   35F8           00054         lslf    num7S,F         ;nejvyssi bit
00B1   0DFB           00055         rlf     dispR,F
                      00056         
00B2   35F8           00057         lslf    num7S,F         ;2. nejvyssi bit
00B3   0DFB           00058         rlf     dispR,F
                      00059         
00B4   35F8           00060         lslf    num7S,F         ;3. nejvyssi
00B5   0DFB           00061         rlf     dispR,F
                      00062         
00B6   3005           00063         movlw   .5              ;zbylych 5 bitu v loopu
00B7   00FA           00064         movwf   dispM           ;slouzi jako pocitadlo
                      00065         
00B8   087B           00066 ShLoop  movf    dispR,W         ;test spodniho nibble
00B9   3E03           00067         addlw   0x03            
00BA   1989           00068         btfsc   WREG,3          ;je po pricteni 3 vetsi/roven 8 (puvodne >= 5)
00BB   00FB           00069         movwf   dispR           ;ano prepsat prictenym
00BC   087B           00070         movf    dispR,W         ;test horniho nibble
00BD   3E30           00071         addlw   0x30
00BE   1B89           00072         btfsc   WREG,7          ;je po pricteni 3 vetsi/roven 8 (puvodne >= 5)
00BF   00FB           00073         movwf   dispR           ;ano prepsat prictenym
                      00074         
00C0   35F8           00075         lslf    num7S,F         ;postupne posuny pres C
00C1   0DFB           00076         rlf     dispR,F
00C2   0DF9           00077         rlf     dispL,F
                      00078         
00C3   0BFA           00079         decfsz  dispM,F         ;odecist pocet posunuti
00C4   2???           00080         goto    ShLoop
                      00081         
00C5   087B           00082         movf    dispR,W         ;rozdelit nibbles do dvou bytu
00C6   00FA           00083         movwf   dispM
00C7   0EFA           00084         swapf   dispM,F
00C8   300F           00085         movlw   0x0F
00C9   05FB           00086         andwf   dispR,F         ;pro jistotu vymaskovat nepouzite nibbles
00CA   05FA           00087         andwf   dispM,F
                      00088         
00CB   0008           00089         return  
                      00090         
                      00091         
MPASM 5.87                        ZAKLAD.ASM   12-15-2022  9:48:39         PAGE  8


LOC  OBJECT CODE     LINE SOURCE TEXT
  VALUE

                      00092 ;***********************************************************
                      00093 ; Tabulka prevodu 4-bitoveho kodu (hexa) na 7-segmentovy kod
                      00094 ; Desetinna tecka se dodatecne koduje do 0. bitu (napr. inkrementaci)
00CC                  00095 Byte2Seg
00CC   390F           00096         andlw   0x0F            ; omezeni na 4 nizsi bity (hexa kod)
00CD   000B           00097         brw                     ; pricte w k citaci instrukci
00CE   34FC           00098         retlw   b'11111100'     ; zobrazi 0
00CF   3460           00099         retlw   b'01100000'     ; zobrazi 1
00D0   34DA           00100         retlw   b'11011010'     ; zobrazi 2
00D1   34F2           00101         retlw   b'11110010'     ; zobrazi 3
00D2   3466           00102         retlw   b'01100110'     ; zobrazi 4
00D3   34B6           00103         retlw   b'10110110'     ; zobrazi 5
00D4   34BE           00104         retlw   b'10111110'     ; zobrazi 6
00D5   34E0           00105         retlw   b'11100000'     ; zobrazi 7
00D6   34FE           00106         retlw   b'11111110'     ; zobrazi 8
00D7   34F6           00107         retlw   b'11110110'     ; zobrazi 9
00D8   34EE           00108         retlw   b'11101110'     ; zobrazi 'A'
00D9   343E           00109         retlw   b'00111110'     ; zobrazi 'b'
00DA   349C           00110         retlw   b'10011100'     ; zobrazi 'C'
00DB   347A           00111         retlw   b'01111010'     ; zobrazi 'd'
00DC   349E           00112         retlw   b'10011110'     ; zobrazi 'E'
00DD   348E           00113         retlw   b'10001110'     ; zobrazi 'F'
                      00114 
                      00115         
                      00116         
                      00117 ;*******************************************************************************
                      00118 ; Seriovy prenos W do leveho displeje, aktualne zobrazene se posunou doprava
00DE                  00119 SendByte7S
00DE   0020           00120         movlb   .0              ;Bank0
00DF   130E           00121         bcf     nCS             ;!CS -> low
00E0   0024           00122         movlb   .4              ;Bank4
Message[302]: Register in operand not in bank 0.  Ensure that bank bits are correct.
00E1   0091           00123         movwf   SSP1BUF
Message[302]: Register in operand not in bank 0.  Ensure that bank bits are correct.
00E2   1C14           00124         btfss   SSP1STAT,0      ;ceka do vyprazdneni bufferu
00E3   2???           00125         goto    $-1
Message[302]: Register in operand not in bank 0.  Ensure that bank bits are correct.
00E4   0811           00126         movf    SSP1BUF,W       ;prazdne cteni HLAVNE NEZAPISOVAT ZPATKY DO F!
00E5   0103           00127         clrw
00E6   0020           00128         movlb   .0
00E7   170E           00129         bsf     nCS             ;!CS -> high
00E8   0008           00130         return  
                      00131 
                      00216                 
09E4 3FFF             00217         END
MPASM 5.87                        ZAKLAD.ASM   12-15-2022  9:48:39         PAGE  9


SYMBOL TABLE
  LABEL                             VALUE 

ABDEN                             00000000
ABDOVF                            00000007
ACKDT                             00000005
ACKEN                             00000004
ACKSTAT                           00000006
ACKTIM                            00000007
ADCON0                            0000009D
ADCON1                            0000009E
ADCON2                            0000009F
ADDEN                             00000003
ADFM                              00000007
ADFVR0                            00000000
ADFVR1                            00000001
ADGO                              00000001
ADIE                              00000006
ADIF                              00000006
ADON                              00000000
ADPREF0                           00000000
ADPREF1                           00000001
ADRES                             0000009B
ADRESH                            0000009C
ADRESL                            0000009B
AHEN                              00000001
ANSA0                             00000000
ANSA1                             00000001
ANSA2                             00000002
ANSA4                             00000004
ANSB4                             00000004
ANSB5                             00000005
ANSC0                             00000000
ANSC1                             00000001
ANSC2                             00000002
ANSC3                             00000003
ANSC6                             00000006
ANSC7                             00000007
ANSELA                            0000018C
ANSELB                            0000018D
ANSELC                            0000018E
APFCON                            0000011D
BAUDCON                           0000019F
BCL1IE                            00000003
BCL1IF                            00000003
BF                                00000000
BKA0                              00000000
BKA1                              00000001
BKA10                             00000002
BKA11                             00000003
BKA12                             00000004
BKA13                             00000005
BKA14                             00000006
BKA2                              00000002
BKA3                              00000003
BKA4                              00000004
MPASM 5.87                        ZAKLAD.ASM   12-15-2022  9:48:39         PAGE 10


SYMBOL TABLE
  LABEL                             VALUE 

BKA5                              00000005
BKA6                              00000006
BKA7                              00000007
BKA8                              00000000
BKA9                              00000001
BKEN                              00000007
BKHLT                             00000000
BOEN                              00000004
BORCON                            00000116
BORFS                             00000006
BORRDY                            00000000
BRG16                             00000003
BRGH                              00000002
BSR                               00000008
BSR0                              00000000
BSR1                              00000001
BSR2                              00000002
BSR3                              00000003
BSR4                              00000004
BSRICDSHAD                        00000FE3
BSR_SHAD                          00000FE6
BT1                               PORTA,4
BT2                               PORTA,5
BT2Int                            0000000D
Bin2Bcd                           000000AD
Byte2Seg                          000000CC
C                                 00000000
C1HYS                             00000001
C1IE                              00000005
C1IF                              00000005
C1INTN                            00000006
C1INTP                            00000007
C1NCH0                            00000000
C1NCH1                            00000001
C1NCH2                            00000002
C1OE                              00000005
C1ON                              00000007
C1OUT                             00000006
C1PCH0                            00000004
C1PCH1                            00000005
C1POL                             00000004
C1SP                              00000002
C1SYNC                            00000000
C2HYS                             00000001
C2IE                              00000006
C2IF                              00000006
C2INTN                            00000006
C2INTP                            00000007
C2NCH0                            00000000
C2NCH1                            00000001
C2NCH2                            00000002
C2OE                              00000005
C2ON                              00000007
MPASM 5.87                        ZAKLAD.ASM   12-15-2022  9:48:39         PAGE 11


SYMBOL TABLE
  LABEL                             VALUE 

C2OUT                             00000006
C2PCH0                            00000004
C2PCH1                            00000005
C2POL                             00000004
C2SP                              00000002
C2SYNC                            00000000
CDAFVR0                           00000002
CDAFVR1                           00000003
CFGS                              00000006
CHS0                              00000002
CHS1                              00000003
CHS2                              00000004
CHS3                              00000005
CHS4                              00000006
CKE                               00000006
CKP                               00000004
CLC1CON                           00000F10
CLC1GLS0                          00000F14
CLC1GLS1                          00000F15
CLC1GLS2                          00000F16
CLC1GLS3                          00000F17
CLC1IE                            00000000
CLC1IF                            00000000
CLC1POL                           00000F11
CLC1SEL                           00000001
CLC1SEL0                          00000F12
CLC1SEL1                          00000F13
CLC2CON                           00000F18
CLC2GLS0                          00000F1C
CLC2GLS1                          00000F1D
CLC2GLS2                          00000F1E
CLC2GLS3                          00000F1F
CLC2IE                            00000001
CLC2IF                            00000001
CLC2POL                           00000F19
CLC2SEL0                          00000F1A
CLC2SEL1                          00000F1B
CLC3CON                           00000F20
CLC3GLS0                          00000F24
CLC3GLS1                          00000F25
CLC3GLS2                          00000F26
CLC3GLS3                          00000F27
CLC3IE                            00000002
CLC3IF                            00000002
CLC3POL                           00000F21
CLC3SEL0                          00000F22
CLC3SEL1                          00000F23
CLC4CON                           00000F28
CLC4GLS0                          00000F2C
CLC4GLS1                          00000F2D
CLC4GLS2                          00000F2E
CLC4GLS3                          00000F2F
CLC4IE                            00000003
MPASM 5.87                        ZAKLAD.ASM   12-15-2022  9:48:39         PAGE 12


SYMBOL TABLE
  LABEL                             VALUE 

CLC4IF                            00000003
CLC4POL                           00000F29
CLC4SEL0                          00000F2A
CLC4SEL1                          00000F2B
CLCDATA                           00000F0F
CM1CON0                           00000111
CM1CON1                           00000112
CM2CON0                           00000113
CM2CON1                           00000114
CMOUT                             00000115
CREN                              00000004
CSRC                              00000007
CWG1CON0                          00000693
CWG1CON1                          00000694
CWG1CON2                          00000695
CWG1DBF                           00000692
CWG1DBF0                          00000000
CWG1DBF1                          00000001
CWG1DBF2                          00000002
CWG1DBF3                          00000003
CWG1DBF4                          00000004
CWG1DBF5                          00000005
CWG1DBR                           00000691
CWG1DBR0                          00000000
CWG1DBR1                          00000001
CWG1DBR2                          00000002
CWG1DBR3                          00000003
CWG1DBR4                          00000004
CWG1DBR5                          00000005
C_SHAD                            00000000
Config_IOs                        00000080
Config_SPI                        00000093
D1N                               00000000
D1S0                              00000000
D1S1                              00000001
D1S2                              00000002
D1T                               00000001
D2N                               00000002
D2S0                              00000004
D2S1                              00000005
D2S2                              00000006
D2T                               00000003
D3N                               00000004
D3S0                              00000000
D3S1                              00000001
D3S2                              00000002
D3T                               00000005
D4N                               00000006
D4S0                              00000004
D4S1                              00000005
D4S2                              00000006
D4T                               00000007
DACCON0                           00000118
MPASM 5.87                        ZAKLAD.ASM   12-15-2022  9:48:39         PAGE 13


SYMBOL TABLE
  LABEL                             VALUE 

DACCON1                           00000119
DACEN                             00000007
DACOE1                            00000005
DACOE2                            00000004
DACPSS                            00000002
DACR0                             00000000
DACR1                             00000001
DACR2                             00000002
DACR3                             00000003
DACR4                             00000004
DBGIN0                            00000000
DBGIN1                            00000001
DBGIN10                           00000002
DBGIN11                           00000003
DBGIN12                           00000004
DBGIN13                           00000005
DBGIN2                            00000002
DBGIN3                            00000003
DBGIN4                            00000004
DBGIN5                            00000005
DBGIN6                            00000006
DBGIN7                            00000007
DBGIN8                            00000000
DBGIN9                            00000001
DBGINEX                           00000003
DC                                00000001
DC_SHAD                           00000001
DEVSEL                            00000F95
DEVSEL0                           00000000
DEVSEL1                           00000001
DEVSEL2                           00000002
DHEN                              00000000
D_NOT_A                           00000005
Decr                              00000068
F                                 00000001
FERR                              00000002
FREE                              00000004
FREEZ                             00000006
FSR0                              00000004
FSR0H                             00000005
FSR0H_SHAD                        00000FE9
FSR0L                             00000004
FSR0L_SHAD                        00000FE8
FSR1                              00000006
FSR1H                             00000007
FSR1H_SHAD                        00000FEB
FSR1L                             00000006
FSR1L_SHAD                        00000FEA
FVRCON                            00000117
FVREN                             00000007
FVRRDY                            00000006
Finish                            0000005C
G1ARSEN                           00000006
MPASM 5.87                        ZAKLAD.ASM   12-15-2022  9:48:39         PAGE 14


SYMBOL TABLE
  LABEL                             VALUE 

G1ASDLA0                          00000004
G1ASDLA1                          00000005
G1ASDLB0                          00000006
G1ASDLB1                          00000007
G1ASDSC1                          00000002
G1ASDSC2                          00000003
G1ASDSCLC2                        00000000
G1ASDSFLT                         00000001
G1ASE                             00000007
G1CS0                             00000000
G1EN                              00000007
G1IS0                             00000000
G1IS1                             00000001
G1IS2                             00000002
G1OEA                             00000005
G1OEB                             00000006
G1POL                             00000000
G1POLA                            00000003
G1POLB                            00000004
G2POL                             00000001
G3POL                             00000002
G4D1N                             00000000
G4D1T                             00000001
G4D2N                             00000002
G4D2T                             00000003
G4D3N                             00000004
G4D3T                             00000005
G4D4N                             00000006
G4D4T                             00000007
G4POL                             00000003
GCEN                              00000007
GIE                               00000007
GO                                00000001
GO_NOT_DONE                       00000001
HFIOFR                            00000004
HFIOFS                            00000000
ICDBK0CON                         00000F9C
ICDBK0H                           00000F9E
ICDBK0L                           00000F9D
ICDCON0                           00000F8D
ICDINSTH                          00000F97
ICDINSTL                          00000F96
ICDIO                             00000F8C
ICDSTAT                           00000F91
INBUG                             00000007
INDF0                             00000000
INDF1                             00000001
INTCON                            0000000B
INTE                              00000004
INTEDG                            00000006
INTF                              00000001
IOCAF                             00000393
IOCAF0                            00000000
MPASM 5.87                        ZAKLAD.ASM   12-15-2022  9:48:39         PAGE 15


SYMBOL TABLE
  LABEL                             VALUE 

IOCAF1                            00000001
IOCAF2                            00000002
IOCAF3                            00000003
IOCAF4                            00000004
IOCAF5                            00000005
IOCAN                             00000392
IOCAN0                            00000000
IOCAN1                            00000001
IOCAN2                            00000002
IOCAN3                            00000003
IOCAN4                            00000004
IOCAN5                            00000005
IOCAP                             00000391
IOCAP0                            00000000
IOCAP1                            00000001
IOCAP2                            00000002
IOCAP3                            00000003
IOCAP4                            00000004
IOCAP5                            00000005
IOCBF                             00000396
IOCBF4                            00000004
IOCBF5                            00000005
IOCBF6                            00000006
IOCBF7                            00000007
IOCBN                             00000395
IOCBN4                            00000004
IOCBN5                            00000005
IOCBN6                            00000006
IOCBN7                            00000007
IOCBP                             00000394
IOCBP4                            00000004
IOCBP5                            00000005
IOCBP6                            00000006
IOCBP7                            00000007
IOCIE                             00000003
IOCIF                             00000000
IRCF0                             00000003
IRCF1                             00000004
IRCF2                             00000005
IRCF3                             00000006
Incr                              00000066
LATA                              0000010C
LATA0                             00000000
LATA1                             00000001
LATA2                             00000002
LATA4                             00000004
LATA5                             00000005
LATB                              0000010D
LATB4                             00000004
LATB5                             00000005
LATB6                             00000006
LATB7                             00000007
LATC                              0000010E
MPASM 5.87                        ZAKLAD.ASM   12-15-2022  9:48:39         PAGE 16


SYMBOL TABLE
  LABEL                             VALUE 

LATC0                             00000000
LATC1                             00000001
LATC2                             00000002
LATC3                             00000003
LATC4                             00000004
LATC5                             00000005
LATC6                             00000006
LATC7                             00000007
LAT_ICDCLK                        00000004
LAT_ICDDAT                        00000005
LC1D1S0                           00000000
LC1D1S1                           00000001
LC1D1S2                           00000002
LC1D2S0                           00000004
LC1D2S1                           00000005
LC1D2S2                           00000006
LC1D3S0                           00000000
LC1D3S1                           00000001
LC1D3S2                           00000002
LC1D4S0                           00000004
LC1D4S1                           00000005
LC1D4S2                           00000006
LC1EN                             00000007
LC1G1D1N                          00000000
LC1G1D1T                          00000001
LC1G1D2N                          00000002
LC1G1D2T                          00000003
LC1G1D3N                          00000004
LC1G1D3T                          00000005
LC1G1D4N                          00000006
LC1G1D4T                          00000007
LC1G1POL                          00000000
LC1G2D1N                          00000000
LC1G2D1T                          00000001
LC1G2D2N                          00000002
LC1G2D2T                          00000003
LC1G2D3N                          00000004
LC1G2D3T                          00000005
LC1G2D4N                          00000006
LC1G2D4T                          00000007
LC1G2POL                          00000001
LC1G3D1N                          00000000
LC1G3D1T                          00000001
LC1G3D2N                          00000002
LC1G3D2T                          00000003
LC1G3D3N                          00000004
LC1G3D3T                          00000005
LC1G3D4N                          00000006
LC1G3D4T                          00000007
LC1G3POL                          00000002
LC1G4D1N                          00000000
LC1G4D1T                          00000001
LC1G4D2N                          00000002
MPASM 5.87                        ZAKLAD.ASM   12-15-2022  9:48:39         PAGE 17


SYMBOL TABLE
  LABEL                             VALUE 

LC1G4D2T                          00000003
LC1G4D3N                          00000004
LC1G4D3T                          00000005
LC1G4D4N                          00000006
LC1G4D4T                          00000007
LC1G4POL                          00000003
LC1INTN                           00000003
LC1INTP                           00000004
LC1MODE0                          00000000
LC1MODE1                          00000001
LC1MODE2                          00000002
LC1OE                             00000006
LC1OUT                            00000005
LC1POL                            00000007
LC2D1S0                           00000000
LC2D1S1                           00000001
LC2D1S2                           00000002
LC2D2S0                           00000004
LC2D2S1                           00000005
LC2D2S2                           00000006
LC2D3S0                           00000000
LC2D3S1                           00000001
LC2D3S2                           00000002
LC2D4S0                           00000004
LC2D4S1                           00000005
LC2D4S2                           00000006
LC2EN                             00000007
LC2G1D1N                          00000000
LC2G1D1T                          00000001
LC2G1D2N                          00000002
LC2G1D2T                          00000003
LC2G1D3N                          00000004
LC2G1D3T                          00000005
LC2G1D4N                          00000006
LC2G1D4T                          00000007
LC2G1POL                          00000000
LC2G2D1N                          00000000
LC2G2D1T                          00000001
LC2G2D2N                          00000002
LC2G2D2T                          00000003
LC2G2D3N                          00000004
LC2G2D3T                          00000005
LC2G2D4N                          00000006
LC2G2D4T                          00000007
LC2G2POL                          00000001
LC2G3D1N                          00000000
LC2G3D1T                          00000001
LC2G3D2N                          00000002
LC2G3D2T                          00000003
LC2G3D3N                          00000004
LC2G3D3T                          00000005
LC2G3D4N                          00000006
LC2G3D4T                          00000007
MPASM 5.87                        ZAKLAD.ASM   12-15-2022  9:48:39         PAGE 18


SYMBOL TABLE
  LABEL                             VALUE 

LC2G3POL                          00000002
LC2G4D1N                          00000000
LC2G4D1T                          00000001
LC2G4D2N                          00000002
LC2G4D2T                          00000003
LC2G4D3N                          00000004
LC2G4D3T                          00000005
LC2G4D4N                          00000006
LC2G4D4T                          00000007
LC2G4POL                          00000003
LC2INTN                           00000003
LC2INTP                           00000004
LC2MODE0                          00000000
LC2MODE1                          00000001
LC2MODE2                          00000002
LC2OE                             00000006
LC2OUT                            00000005
LC2POL                            00000007
LC3D1S0                           00000000
LC3D1S1                           00000001
LC3D1S2                           00000002
LC3D2S0                           00000004
LC3D2S1                           00000005
LC3D2S2                           00000006
LC3D3S0                           00000000
LC3D3S1                           00000001
LC3D3S2                           00000002
LC3D4S0                           00000004
LC3D4S1                           00000005
LC3D4S2                           00000006
LC3EN                             00000007
LC3G1D1N                          00000000
LC3G1D1T                          00000001
LC3G1D2N                          00000002
LC3G1D2T                          00000003
LC3G1D3N                          00000004
LC3G1D3T                          00000005
LC3G1D4N                          00000006
LC3G1D4T                          00000007
LC3G1POL                          00000000
LC3G2D1N                          00000000
LC3G2D1T                          00000001
LC3G2D2N                          00000002
LC3G2D2T                          00000003
LC3G2D3N                          00000004
LC3G2D3T                          00000005
LC3G2D4N                          00000006
LC3G2D4T                          00000007
LC3G2POL                          00000001
LC3G3D1N                          00000000
LC3G3D1T                          00000001
LC3G3D2N                          00000002
LC3G3D2T                          00000003
MPASM 5.87                        ZAKLAD.ASM   12-15-2022  9:48:39         PAGE 19


SYMBOL TABLE
  LABEL                             VALUE 

LC3G3D3N                          00000004
LC3G3D3T                          00000005
LC3G3D4N                          00000006
LC3G3D4T                          00000007
LC3G3POL                          00000002
LC3G4D1N                          00000000
LC3G4D1T                          00000001
LC3G4D2N                          00000002
LC3G4D2T                          00000003
LC3G4D3N                          00000004
LC3G4D3T                          00000005
LC3G4D4N                          00000006
LC3G4D4T                          00000007
LC3G4POL                          00000003
LC3INTN                           00000003
LC3INTP                           00000004
LC3MODE0                          00000000
LC3MODE1                          00000001
LC3MODE2                          00000002
LC3OE                             00000006
LC3OUT                            00000005
LC3POL                            00000007
LC4D1S0                           00000000
LC4D1S1                           00000001
LC4D1S2                           00000002
LC4D2S0                           00000004
LC4D2S1                           00000005
LC4D2S2                           00000006
LC4D3S0                           00000000
LC4D3S1                           00000001
LC4D3S2                           00000002
LC4D4S0                           00000004
LC4D4S1                           00000005
LC4D4S2                           00000006
LC4EN                             00000007
LC4G1D1N                          00000000
LC4G1D1T                          00000001
LC4G1D2N                          00000002
LC4G1D2T                          00000003
LC4G1D3N                          00000004
LC4G1D3T                          00000005
LC4G1D4N                          00000006
LC4G1D4T                          00000007
LC4G1POL                          00000000
LC4G2D1N                          00000000
LC4G2D1T                          00000001
LC4G2D2N                          00000002
LC4G2D2T                          00000003
LC4G2D3N                          00000004
LC4G2D3T                          00000005
LC4G2D4N                          00000006
LC4G2D4T                          00000007
LC4G2POL                          00000001
MPASM 5.87                        ZAKLAD.ASM   12-15-2022  9:48:39         PAGE 20


SYMBOL TABLE
  LABEL                             VALUE 

LC4G3D1N                          00000000
LC4G3D1T                          00000001
LC4G3D2N                          00000002
LC4G3D2T                          00000003
LC4G3D3N                          00000004
LC4G3D3T                          00000005
LC4G3D4N                          00000006
LC4G3D4T                          00000007
LC4G3POL                          00000002
LC4G4D1N                          00000000
LC4G4D1T                          00000001
LC4G4D2N                          00000002
LC4G4D2T                          00000003
LC4G4D3N                          00000004
LC4G4D3T                          00000005
LC4G4D4N                          00000006
LC4G4D4T                          00000007
LC4G4POL                          00000003
LC4INTN                           00000003
LC4INTP                           00000004
LC4MODE0                          00000000
LC4MODE1                          00000001
LC4MODE2                          00000002
LC4OE                             00000006
LC4OUT                            00000005
LC4POL                            00000007
LCEN                              00000007
LCINTN                            00000003
LCINTP                            00000004
LCMODE0                           00000000
LCMODE1                           00000001
LCMODE2                           00000002
LCOE                              00000006
LCOUT                             00000005
LFIOFR                            00000001
LWLO                              00000005
Loop                              00000035
MC1OUT                            00000000
MC2OUT                            00000001
MCLC1OUT                          00000000
MCLC2OUT                          00000001
MCLC3OUT                          00000002
MCLC4OUT                          00000003
N1CKS0                            00000000
N1CKS1                            00000001
N1EN                              00000007
N1OE                              00000006
N1OUT                             00000005
N1PFM                             00000000
N1POL                             00000004
N1PWS0                            00000005
N1PWS1                            00000006
N1PWS2                            00000007
MPASM 5.87                        ZAKLAD.ASM   12-15-2022  9:48:39         PAGE 21


SYMBOL TABLE
  LABEL                             VALUE 

NCO1ACC                           00000498
NCO1ACC0                          00000000
NCO1ACC1                          00000001
NCO1ACC10                         00000002
NCO1ACC11                         00000003
NCO1ACC12                         00000004
NCO1ACC13                         00000005
NCO1ACC14                         00000006
NCO1ACC15                         00000007
NCO1ACC16                         00000000
NCO1ACC17                         00000001
NCO1ACC18                         00000002
NCO1ACC19                         00000003
NCO1ACC2                          00000002
NCO1ACC3                          00000003
NCO1ACC4                          00000004
NCO1ACC5                          00000005
NCO1ACC6                          00000006
NCO1ACC7                          00000007
NCO1ACC8                          00000000
NCO1ACC9                          00000001
NCO1ACCH                          00000499
NCO1ACCL                          00000498
NCO1ACCU                          0000049A
NCO1CLK                           0000049F
NCO1CON                           0000049E
NCO1IE                            00000002
NCO1IF                            00000002
NCO1INC                           0000049B
NCO1INC0                          00000000
NCO1INC1                          00000001
NCO1INC10                         00000002
NCO1INC11                         00000003
NCO1INC12                         00000004
NCO1INC13                         00000005
NCO1INC14                         00000006
NCO1INC15                         00000007
NCO1INC2                          00000002
NCO1INC3                          00000003
NCO1INC4                          00000004
NCO1INC5                          00000005
NCO1INC6                          00000006
NCO1INC7                          00000007
NCO1INC8                          00000000
NCO1INC9                          00000001
NCO1INCH                          0000049C
NCO1INCL                          0000049B
NCO1INCU                          0000049D
NCO1SEL                           00000000
NCOSEL                            00000000
NOT_BOR                           00000000
NOT_PD                            00000003
NOT_POR                           00000001
MPASM 5.87                        ZAKLAD.ASM   12-15-2022  9:48:39         PAGE 22


SYMBOL TABLE
  LABEL                             VALUE 

NOT_RI                            00000002
NOT_RMCLR                         00000003
NOT_RWDT                          00000004
NOT_T1SYNC                        00000002
NOT_TO                            00000004
NOT_WPUEN                         00000007
OERR                              00000001
OPTION_REG                        00000095
OSCCON                            00000099
OSCSTAT                           0000009A
OSFIE                             00000007
OSFIF                             00000007
OSTS                              00000005
Out                               0000006A
P                                 00000004
PCIE                              00000006
PCL                               00000002
PCLATH                            0000000A
PCLATH_SHAD                       00000FE7
PCON                              00000096
PEIE                              00000006
PEN                               00000002
PIE1                              00000091
PIE2                              00000092
PIE3                              00000093
PIR1                              00000011
PIR2                              00000012
PIR3                              00000013
PMADR                             00000191
PMADRH                            00000192
PMADRL                            00000191
PMCON1                            00000195
PMCON2                            00000196
PMDAT                             00000193
PMDATH                            00000194
PMDATL                            00000193
POL                               00000007
PORTA                             0000000C
PORTB                             0000000D
PORTC                             0000000E
PORT_ICDCLK                       00000006
PORT_ICDDAT                       00000007
PR2                               0000001B
PS0                               00000000
PS1                               00000001
PS2                               00000002
PSA                               00000003
PWM1CON                           00000613
PWM1CON0                          00000613
PWM1DCH                           00000612
PWM1DCH0                          00000000
PWM1DCH1                          00000001
PWM1DCH2                          00000002
MPASM 5.87                        ZAKLAD.ASM   12-15-2022  9:48:39         PAGE 23


SYMBOL TABLE
  LABEL                             VALUE 

PWM1DCH3                          00000003
PWM1DCH4                          00000004
PWM1DCH5                          00000005
PWM1DCH6                          00000006
PWM1DCH7                          00000007
PWM1DCL                           00000611
PWM1DCL0                          00000006
PWM1DCL1                          00000007
PWM1EN                            00000007
PWM1OE                            00000006
PWM1OUT                           00000005
PWM1POL                           00000004
PWM2CON                           00000616
PWM2CON0                          00000616
PWM2DCH                           00000615
PWM2DCH0                          00000000
PWM2DCH1                          00000001
PWM2DCH2                          00000002
PWM2DCH3                          00000003
PWM2DCH4                          00000004
PWM2DCH5                          00000005
PWM2DCH6                          00000006
PWM2DCH7                          00000007
PWM2DCL                           00000614
PWM2DCL0                          00000006
PWM2DCL1                          00000007
PWM2EN                            00000007
PWM2OE                            00000006
PWM2OUT                           00000005
PWM2POL                           00000004
PWM3CON                           00000619
PWM3CON0                          00000619
PWM3DCH                           00000618
PWM3DCH0                          00000000
PWM3DCH1                          00000001
PWM3DCH2                          00000002
PWM3DCH3                          00000003
PWM3DCH4                          00000004
PWM3DCH5                          00000005
PWM3DCH6                          00000006
PWM3DCH7                          00000007
PWM3DCL                           00000617
PWM3DCL0                          00000006
PWM3DCL1                          00000007
PWM3EN                            00000007
PWM3OE                            00000006
PWM3OUT                           00000005
PWM3POL                           00000004
PWM4CON                           0000061C
PWM4CON0                          0000061C
PWM4DCH                           0000061B
PWM4DCH0                          00000000
PWM4DCH1                          00000001
MPASM 5.87                        ZAKLAD.ASM   12-15-2022  9:48:39         PAGE 24


SYMBOL TABLE
  LABEL                             VALUE 

PWM4DCH2                          00000002
PWM4DCH3                          00000003
PWM4DCH4                          00000004
PWM4DCH5                          00000005
PWM4DCH6                          00000006
PWM4DCH7                          00000007
PWM4DCL                           0000061A
PWM4DCL0                          00000006
PWM4DCL1                          00000007
PWM4EN                            00000007
PWM4OE                            00000006
PWM4OUT                           00000005
PWM4POL                           00000004
RA0                               00000000
RA1                               00000001
RA2                               00000002
RA3                               00000003
RA4                               00000004
RA5                               00000005
RB4                               00000004
RB5                               00000005
RB6                               00000006
RB7                               00000007
RC0                               00000000
RC1                               00000001
RC2                               00000002
RC3                               00000003
RC4                               00000004
RC5                               00000005
RC6                               00000006
RC7                               00000007
RCEN                              00000003
RCIDL                             00000006
RCIE                              00000005
RCIF                              00000005
RCREG                             00000199
RCSTA                             0000019D
RD                                00000000
RSEN                              00000001
RSTVEC                            00000000
RX9                               00000006
RX9D                              00000000
R_NOT_W                           00000002
Reserved                          00000000
S                                 00000003
SBCDE                             00000002
SBOREN                            00000007
SCIE                              00000005
SCK                               PORTB,6
SCKP                              00000004
SCS0                              00000000
SCS1                              00000001
SDAHT                             00000003
MPASM 5.87                        ZAKLAD.ASM   12-15-2022  9:48:39         PAGE 25


SYMBOL TABLE
  LABEL                             VALUE 

SDO                               PORTC,7
SEN                               00000000
SENDB                             00000003
SMP                               00000007
SOSCR                             00000007
SPBRG                             0000019B
SPBRGH                            0000019C
SPBRGL                            0000019B
SPEN                              00000007
SREN                              00000005
SSP1ADD                           00000212
SSP1BUF                           00000211
SSP1CON1                          00000215
SSP1CON2                          00000216
SSP1CON3                          00000217
SSP1IE                            00000003
SSP1IF                            00000003
SSP1MSK                           00000213
SSP1STAT                          00000214
SSPADD                            00000212
SSPBUF                            00000211
SSPCON                            00000215
SSPCON1                           00000215
SSPCON2                           00000216
SSPCON3                           00000217
SSPEN                             00000005
SSPM0                             00000000
SSPM1                             00000001
SSPM2                             00000002
SSPM3                             00000003
SSPMSK                            00000213
SSPOV                             00000006
SSPSTAT                           00000214
SSSEL                             00000004
SSTEP                             00000005
STATUS                            00000003
STATUS_SHAD                       00000FE4
STKOVF                            00000007
STKPTR                            00000FED
STKUNF                            00000006
SWDTEN                            00000000
SYNC                              00000004
SendByte7S                        000000DE
Set_1                             00000071
Set_4                             00000074
ShLoop                            000000B8
Start                             00000014
T0CS                              00000005
T0IE                              00000005
T0IF                              00000002
T0SE                              00000004
T1CKPS0                           00000004
T1CKPS1                           00000005
MPASM 5.87                        ZAKLAD.ASM   12-15-2022  9:48:39         PAGE 26


SYMBOL TABLE
  LABEL                             VALUE 

T1CON                             00000018
T1GCON                            00000019
T1GGO_NOT_DONE                    00000003
T1GPOL                            00000006
T1GSEL                            00000003
T1GSPM                            00000004
T1GSS0                            00000000
T1GSS1                            00000001
T1GTM                             00000005
T1GVAL                            00000002
T1OSCEN                           00000003
T2CKPS0                           00000000
T2CKPS1                           00000001
T2CON                             0000001C
T2OUTPS0                          00000003
T2OUTPS1                          00000004
T2OUTPS2                          00000005
T2OUTPS3                          00000006
TMR0                              00000015
TMR0CS                            00000005
TMR0IE                            00000005
TMR0IF                            00000002
TMR0SE                            00000004
TMR1                              00000016
TMR1CS0                           00000006
TMR1CS1                           00000007
TMR1GE                            00000007
TMR1GIE                           00000007
TMR1GIF                           00000007
TMR1H                             00000017
TMR1IE                            00000000
TMR1IF                            00000000
TMR1L                             00000016
TMR1ON                            00000000
TMR2                              0000001A
TMR2IE                            00000001
TMR2IF                            00000001
TMR2ON                            00000002
TOSH                              00000FEF
TOSL                              00000FEE
TRIGSEL0                          00000004
TRIGSEL1                          00000005
TRIGSEL2                          00000006
TRIGSEL3                          00000007
TRISA                             0000008C
TRISA0                            00000000
TRISA1                            00000001
TRISA2                            00000002
TRISA3                            00000003
TRISA4                            00000004
TRISA5                            00000005
TRISB                             0000008D
TRISB4                            00000004
MPASM 5.87                        ZAKLAD.ASM   12-15-2022  9:48:39         PAGE 27


SYMBOL TABLE
  LABEL                             VALUE 

TRISB5                            00000005
TRISB6                            00000006
TRISB7                            00000007
TRISC                             0000008E
TRISC0                            00000000
TRISC1                            00000001
TRISC2                            00000002
TRISC3                            00000003
TRISC4                            00000004
TRISC5                            00000005
TRISC6                            00000006
TRISC7                            00000007
TRIS_ICDCLK                       00000002
TRIS_ICDDAT                       00000003
TRMT                              00000001
TRP0HLTF                          00000006
TRP1HLTF                          00000007
TSEN                              00000005
TSRNG                             00000004
TX9                               00000006
TX9D                              00000000
TXEN                              00000005
TXIE                              00000004
TXIF                              00000004
TXREG                             0000019A
TXSTA                             0000019E
UA                                00000001
USRHLTF                           00000001
VREGCON                           00000197
VREGPM                            00000001
W                                 00000000
WCOL                              00000007
WDTCON                            00000097
WDTPS0                            00000001
WDTPS1                            00000002
WDTPS2                            00000003
WDTPS3                            00000004
WDTPS4                            00000005
WPUA                              0000020C
WPUA0                             00000000
WPUA1                             00000001
WPUA2                             00000002
WPUA3                             00000003
WPUA4                             00000004
WPUA5                             00000005
WPUB                              0000020D
WPUB4                             00000004
WPUB5                             00000005
WPUB6                             00000006
WPUB7                             00000007
WR                                00000001
WREG                              00000009
WREG_SHAD                         00000FE5
MPASM 5.87                        ZAKLAD.ASM   12-15-2022  9:48:39         PAGE 28


SYMBOL TABLE
  LABEL                             VALUE 

WREN                              00000002
WRERR                             00000003
WUE                               00000001
Write1                            00000077
Write2                            0000007A
Write3                            0000007D
Z                                 00000002
Z_SHAD                            00000002
_.org_1_0055                      00000055
_.org_1_009D                      0000009D
_.org_1_00A2                      000000A2
_.org_1_00A7                      000000A7
_.org_1_00E3                      000000E3
_BOREN_NSLEEP                     00003DFF
_BOREN_OFF                        000039FF
_BOREN_ON                         00003FFF
_BOREN_SBODEN                     00003BFF
_BORV_HI                          00003BFF
_BORV_LO                          00003FFF
_CLKOUTEN_OFF                     00003FFF
_CLKOUTEN_ON                      000037FF
_CONFIG1                          00008007
_CONFIG2                          00008008
_CP_OFF                           00003FFF
_CP_ON                            00003F7F
_DEVID1                           00008006
_FCMEN_OFF                        00001FFF
_FCMEN_ON                         00003FFF
_FOSC_ECH                         00003FFF
_FOSC_ECL                         00003FFD
_FOSC_ECM                         00003FFE
_FOSC_EXTRC                       00003FFB
_FOSC_HS                          00003FFA
_FOSC_INTOSC                      00003FFC
_FOSC_LP                          00003FF8
_FOSC_XT                          00003FF9
_IDLOC0                           00008000
_IDLOC1                           00008001
_IDLOC2                           00008002
_IDLOC3                           00008003
_IESO_OFF                         00002FFF
_IESO_ON                          00003FFF
_LPBOR_OFF                        00003FFF
_LPBOR_ON                         000037FF
_LVP_OFF                          00001FFF
_LVP_ON                           00003FFF
_MCLRE_OFF                        00003FBF
_MCLRE_ON                         00003FFF
_PWRTE_OFF                        00003FFF
_PWRTE_ON                         00003FDF
_STVREN_OFF                       00003DFF
_STVREN_ON                        00003FFF
_WDTE_NSLEEP                      00003FF7
MPASM 5.87                        ZAKLAD.ASM   12-15-2022  9:48:39         PAGE 29


SYMBOL TABLE
  LABEL                             VALUE 

_WDTE_OFF                         00003FE7
_WDTE_ON                          00003FFF
_WDTE_SWDTEN                      00003FEF
_WRT_ALL                          00003FFC
_WRT_BOOT                         00003FFE
_WRT_HALF                         00003FFD
_WRT_OFF                          00003FFF
__16F1508                         00000001
cnt1                              00000070
cnt2                              00000071
counter                           00000077
dir                               00000075
dispL                             00000079
dispM                             0000007A
dispR                             0000007B
nCS                               PORTC,6
num7S                             00000078
position                          00000076
value1                            00000072
value2                            00000073
value3                            00000074

Errors   :     0
Warnings :     0 reported,     0 suppressed
Messages :    30 reported,     0 suppressed

